#! /c/Source/iverilog-install/bin/vvp
:ivl_version "12.0 (devel)" "(s20150603-1539-g2693dd32b)";
:ivl_delay_selection "TYPICAL";
:vpi_time_precision + 0;
:vpi_module "C:\iverilog\lib\ivl\system.vpi";
:vpi_module "C:\iverilog\lib\ivl\vhdl_sys.vpi";
:vpi_module "C:\iverilog\lib\ivl\vhdl_textio.vpi";
:vpi_module "C:\iverilog\lib\ivl\v2005_math.vpi";
:vpi_module "C:\iverilog\lib\ivl\va_math.vpi";
S_0000021ad4ca6d60 .scope module, "counter" "counter" 2 1;
 .timescale 0 0;
v0000021ad4ca69a0_0 .var "clk", 0 0;
v0000021ad4b86a50_0 .var "out", 3 0;
E_0000021ad4b891e0 .event posedge, v0000021ad4ca69a0_0;
    .scope S_0000021ad4ca6d60;
T_0 ;
    %pushi/vec4 0, 0, 1;
    %store/vec4 v0000021ad4ca69a0_0, 0, 1;
    %pushi/vec4 0, 0, 4;
    %store/vec4 v0000021ad4b86a50_0, 0, 4;
    %end;
    .thread T_0;
    .scope S_0000021ad4ca6d60;
T_1 ;
    %delay 5, 0;
    %load/vec4 v0000021ad4ca69a0_0;
    %inv;
    %store/vec4 v0000021ad4ca69a0_0, 0, 1;
    %jmp T_1;
    .thread T_1;
    .scope S_0000021ad4ca6d60;
T_2 ;
    %wait E_0000021ad4b891e0;
    %load/vec4 v0000021ad4b86a50_0;
    %addi 1, 0, 4;
    %store/vec4 v0000021ad4b86a50_0, 0, 4;
    %jmp T_2;
    .thread T_2;
    .scope S_0000021ad4ca6d60;
T_3 ;
    %vpi_call 2 11 "$dumpfile", "counter.vcd" {0 0 0};
    %vpi_call 2 12 "$dumpvars", 32'sb00000000000000000000000000000000, S_0000021ad4ca6d60 {0 0 0};
    %delay 100, 0;
    %vpi_call 2 13 "$finish" {0 0 0};
    %end;
    .thread T_3;
# The file index is used to find the file name in the following table.
:file_names 3;
    "N/A";
    "<interactive>";
    "counter.v";
